<?xml version="1.0" encoding="UTF-8"?>
<testng-results ignored="0" total="2" passed="2" failed="0" skipped="0">
  <reporter-output>
  </reporter-output>
  <suite started-at="2022-02-20T20:40:00 IST" name="Default suite" finished-at="2022-02-20T20:42:18 IST" duration-ms="138586">
    <groups>
    </groups>
    <test started-at="2022-02-20T20:40:00 IST" name="Default test" finished-at="2022-02-20T20:42:18 IST" duration-ms="138586">
      <class name="Testng">
        <test-method is-config="true" signature="openbrowser()[pri:0, instance:Testng@59505b48]" started-at="2022-02-20T20:40:00 IST" name="openbrowser" finished-at="2022-02-20T20:40:00 IST" duration-ms="6" status="PASS">
          <reporter-output>
          </reporter-output>
        </test-method> <!-- openbrowser -->
        <test-method signature="chrome()[pri:1, instance:Testng@59505b48]" started-at="2022-02-20T20:40:00 IST" name="chrome" finished-at="2022-02-20T20:41:07 IST" duration-ms="67588" status="PASS">
          <reporter-output>
          </reporter-output>
        </test-method> <!-- chrome -->
        <test-method signature="edge()[pri:2, instance:Testng@59505b48]" started-at="2022-02-20T20:41:07 IST" name="edge" finished-at="2022-02-20T20:42:17 IST" duration-ms="69509" status="PASS">
          <reporter-output>
          </reporter-output>
        </test-method> <!-- edge -->
        <test-method is-config="true" signature="closeBrowser()[pri:0, instance:Testng@59505b48]" started-at="2022-02-20T20:42:17 IST" name="closeBrowser" finished-at="2022-02-20T20:42:18 IST" duration-ms="1454" status="PASS">
          <reporter-output>
          </reporter-output>
        </test-method> <!-- closeBrowser -->
      </class> <!-- Testng -->
    </test> <!-- Default test -->
  </suite> <!-- Default suite -->
</testng-results>
